1577183187208	mozrunner::runner	INFO	Running command: "/usr/bin/firefox" "-marionette" "-foreground" "-no-remote" "-profile" "/tmp/rust_mozprofilejJGwsb"
1577183217625	mozrunner::runner	INFO	Running command: "/usr/bin/firefox" "-marionette" "-foreground" "-no-remote" "-profile" "/tmp/rust_mozprofile1K5xYR"
1577183226817	addons.webextension.screenshots@mozilla.org	WARN	Loading extension 'screenshots@mozilla.org': Reading manifest: Invalid extension permission: mozillaAddons
1577183226817	addons.webextension.screenshots@mozilla.org	WARN	Loading extension 'screenshots@mozilla.org': Reading manifest: Invalid extension permission: telemetry
1577183226818	addons.webextension.screenshots@mozilla.org	WARN	Loading extension 'screenshots@mozilla.org': Reading manifest: Invalid extension permission: resource://pdf.js/
1577183226818	addons.webextension.screenshots@mozilla.org	WARN	Loading extension 'screenshots@mozilla.org': Reading manifest: Invalid extension permission: about:reader*
1577183244888	Marionette	INFO	Listening on port 37763
1577183245022	Marionette	WARN	TLS certificate errors will be ignored for this session
JavaScript error: resource://gre/modules/XULStore.jsm, line 66: Error: Can't find profile directory.
1577183245910	mozrunner::runner	INFO	Running command: "/usr/bin/firefox" "-marionette" "-foreground" "-no-remote" "-profile" "/tmp/rust_mozprofile4zpwlP"
1577183247276	addons.webextension.screenshots@mozilla.org	WARN	Loading extension 'screenshots@mozilla.org': Reading manifest: Invalid extension permission: mozillaAddons
1577183247276	addons.webextension.screenshots@mozilla.org	WARN	Loading extension 'screenshots@mozilla.org': Reading manifest: Invalid extension permission: telemetry
1577183247277	addons.webextension.screenshots@mozilla.org	WARN	Loading extension 'screenshots@mozilla.org': Reading manifest: Invalid extension permission: resource://pdf.js/
1577183247277	addons.webextension.screenshots@mozilla.org	WARN	Loading extension 'screenshots@mozilla.org': Reading manifest: Invalid extension permission: about:reader*
1577183251328	Marionette	INFO	Stopped listening on port 37763
1577183251731	Marionette	INFO	Listening on port 43021
1577183251822	Marionette	WARN	TLS certificate errors will be ignored for this session
JavaScript error: resource://gre/modules/XULStore.jsm, line 66: Error: Can't find profile directory.
1577183252202	mozrunner::runner	INFO	Running command: "/usr/bin/firefox" "-marionette" "-foreground" "-no-remote" "-profile" "/tmp/rust_mozprofileYWyrV3"
1577183253462	addons.webextension.screenshots@mozilla.org	WARN	Loading extension 'screenshots@mozilla.org': Reading manifest: Invalid extension permission: mozillaAddons
1577183253462	addons.webextension.screenshots@mozilla.org	WARN	Loading extension 'screenshots@mozilla.org': Reading manifest: Invalid extension permission: telemetry
1577183253462	addons.webextension.screenshots@mozilla.org	WARN	Loading extension 'screenshots@mozilla.org': Reading manifest: Invalid extension permission: resource://pdf.js/
1577183253463	addons.webextension.screenshots@mozilla.org	WARN	Loading extension 'screenshots@mozilla.org': Reading manifest: Invalid extension permission: about:reader*
JavaScript error: resource://activity-stream/lib/ActivityStreamPrefs.jsm, line 27: NS_ERROR_ILLEGAL_VALUE: Component returned failure code: 0x80070057 (NS_ERROR_ILLEGAL_VALUE) [nsIPrefBranch.removeObserver]
JavaScript error: resource://services-settings/RemoteSettingsClient.jsm, line 149: Error: Unknown callback
console.error: PushService: 
  clearOriginData: Error clearing origin data:
  UnknownError
console.error: PushService: 
  stateChangeProcessEnqueue: Error transitioning state
  UnknownError
JavaScript error: , line 0: UnknownError: The operation failed for reasons unrelated to the database itself and not covered by any other error code.
console.log: "RemoteSettingsWorker error: UnknownError: The operation failed for reasons unrelated to the database itself and not covered by any other error code."

###!!! [Parent][DispatchAsyncMessage] Error: PBackgroundIDBFactory::Msg_PBackgroundIDBFactoryRequestConstructor Value error: message was deserialized, but contained an illegal value

JavaScript error: resource://services-common/kinto-offline-client.js, line 603: Error: IndexedDB getLastModified() The operation failed for reasons unrelated to the database itself and not covered by any other error code.
JavaScript error: resource://services-common/kinto-offline-client.js, line 603: Error: IndexedDB clear() The operation failed for reasons unrelated to the database itself and not covered by any other error code.
1577183256049	Marionette	INFO	Stopped listening on port 43021
1577183257787	Marionette	INFO	Listening on port 41525
1577183257874	Marionette	WARN	TLS certificate errors will be ignored for this session
JavaScript error: resource://gre/modules/XULStore.jsm, line 66: Error: Can't find profile directory.
1577183258275	mozrunner::runner	INFO	Running command: "/usr/bin/firefox" "-marionette" "-foreground" "-no-remote" "-profile" "/tmp/rust_mozprofile5V71ei"
1577183259462	addons.webextension.screenshots@mozilla.org	WARN	Loading extension 'screenshots@mozilla.org': Reading manifest: Invalid extension permission: mozillaAddons
1577183259462	addons.webextension.screenshots@mozilla.org	WARN	Loading extension 'screenshots@mozilla.org': Reading manifest: Invalid extension permission: telemetry
1577183259463	addons.webextension.screenshots@mozilla.org	WARN	Loading extension 'screenshots@mozilla.org': Reading manifest: Invalid extension permission: resource://pdf.js/
1577183259463	addons.webextension.screenshots@mozilla.org	WARN	Loading extension 'screenshots@mozilla.org': Reading manifest: Invalid extension permission: about:reader*
JavaScript error: resource://activity-stream/lib/ActivityStreamPrefs.jsm, line 27: NS_ERROR_ILLEGAL_VALUE: Component returned failure code: 0x80070057 (NS_ERROR_ILLEGAL_VALUE) [nsIPrefBranch.removeObserver]
JavaScript error: resource://services-settings/RemoteSettingsClient.jsm, line 149: Error: Unknown callback
console.error: PushService: 
  clearOriginData: Error clearing origin data:
  AbortError
console.error: PushService: 
  stateChangeProcessEnqueue: Error transitioning state
  AbortError
console.log: "RemoteSettingsWorker error: UnknownError: The operation failed for reasons unrelated to the database itself and not covered by any other error code."

###!!! [Parent][DispatchAsyncMessage] Error: PBackgroundIDBFactory::Msg_PBackgroundIDBFactoryRequestConstructor Value error: message was deserialized, but contained an illegal value

JavaScript error: , line 0: UnknownError: The operation failed for reasons unrelated to the database itself and not covered by any other error code.
JavaScript error: resource://services-common/kinto-offline-client.js, line 603: Error: IndexedDB getLastModified() The operation failed for reasons unrelated to the database itself and not covered by any other error code.
JavaScript error: resource://services-common/kinto-offline-client.js, line 603: Error: IndexedDB clear() The operation failed for reasons unrelated to the database itself and not covered by any other error code.
1577183262934	Marionette	INFO	Stopped listening on port 41525
1577183263654	Marionette	INFO	Listening on port 36367
1577183263695	Marionette	WARN	TLS certificate errors will be ignored for this session
JavaScript error: resource://gre/modules/XULStore.jsm, line 66: Error: Can't find profile directory.
1577183264058	mozrunner::runner	INFO	Running command: "/usr/bin/firefox" "-marionette" "-foreground" "-no-remote" "-profile" "/tmp/rust_mozprofilejvaNhk"
1577183265351	addons.webextension.screenshots@mozilla.org	WARN	Loading extension 'screenshots@mozilla.org': Reading manifest: Invalid extension permission: mozillaAddons
1577183265352	addons.webextension.screenshots@mozilla.org	WARN	Loading extension 'screenshots@mozilla.org': Reading manifest: Invalid extension permission: telemetry
1577183265352	addons.webextension.screenshots@mozilla.org	WARN	Loading extension 'screenshots@mozilla.org': Reading manifest: Invalid extension permission: resource://pdf.js/
1577183265352	addons.webextension.screenshots@mozilla.org	WARN	Loading extension 'screenshots@mozilla.org': Reading manifest: Invalid extension permission: about:reader*
[Parent 6692, Gecko_IOThread] WARNING: pipe error (92): Connection reset by peer: file /build/firefox-AWfb_V/firefox-71.0+build5/ipc/chromium/src/chrome/common/ipc_channel_posix.cc, line 358
[Parent 6692, Gecko_IOThread] WARNING: pipe error (78): Connection reset by peer: file /build/firefox-AWfb_V/firefox-71.0+build5/ipc/chromium/src/chrome/common/ipc_channel_posix.cc, line 358
JavaScript error: , line 0: UnknownError: The operation failed for reasons unrelated to the database itself and not covered by any other error code.
1577183327884	Marionette	INFO	Stopped listening on port 36367
1577184276546	mozrunner::runner	INFO	Running command: "/usr/bin/firefox" "-marionette" "-foreground" "-no-remote" "-profile" "/tmp/rust_mozprofile0YwQ2k"
1577184277711	addons.webextension.screenshots@mozilla.org	WARN	Loading extension 'screenshots@mozilla.org': Reading manifest: Invalid extension permission: mozillaAddons
1577184277712	addons.webextension.screenshots@mozilla.org	WARN	Loading extension 'screenshots@mozilla.org': Reading manifest: Invalid extension permission: telemetry
1577184277712	addons.webextension.screenshots@mozilla.org	WARN	Loading extension 'screenshots@mozilla.org': Reading manifest: Invalid extension permission: resource://pdf.js/
1577184277712	addons.webextension.screenshots@mozilla.org	WARN	Loading extension 'screenshots@mozilla.org': Reading manifest: Invalid extension permission: about:reader*
1577184281864	Marionette	INFO	Listening on port 38251
1577184281959	Marionette	WARN	TLS certificate errors will be ignored for this session
[Parent 7585, Gecko_IOThread] WARNING: pipe error (97): Connection reset by peer: file /build/firefox-AWfb_V/firefox-71.0+build5/ipc/chromium/src/chrome/common/ipc_channel_posix.cc, line 358
[Parent 7585, Gecko_IOThread] WARNING: pipe error (73): Connection reset by peer: file /build/firefox-AWfb_V/firefox-71.0+build5/ipc/chromium/src/chrome/common/ipc_channel_posix.cc, line 358
JavaScript error: , line 0: UnknownError: The operation failed for reasons unrelated to the database itself and not covered by any other error code.
1577186571873	Marionette	INFO	Stopped listening on port 38251
1577285599259	mozrunner::runner	INFO	Running command: "/usr/bin/firefox" "-marionette" "-foreground" "-no-remote" "-profile" "/tmp/rust_mozprofilecp5LTn"
1577285600253	addons.webextension.screenshots@mozilla.org	WARN	Loading extension 'screenshots@mozilla.org': Reading manifest: Invalid extension permission: mozillaAddons
1577285600253	addons.webextension.screenshots@mozilla.org	WARN	Loading extension 'screenshots@mozilla.org': Reading manifest: Invalid extension permission: telemetry
1577285600253	addons.webextension.screenshots@mozilla.org	WARN	Loading extension 'screenshots@mozilla.org': Reading manifest: Invalid extension permission: resource://pdf.js/
1577285600254	addons.webextension.screenshots@mozilla.org	WARN	Loading extension 'screenshots@mozilla.org': Reading manifest: Invalid extension permission: about:reader*
1577285603567	Marionette	INFO	Listening on port 33985
1577285603593	Marionette	WARN	TLS certificate errors will be ignored for this session
1577285603878	Marionette	INFO	Stopped listening on port 33985
1577389773744	mozrunner::runner	INFO	Running command: "/usr/bin/firefox" "-marionette" "-foreground" "-no-remote" "-profile" "/tmp/rust_mozprofile0RJkWc"
1577389774162	addons.webextension.screenshots@mozilla.org	WARN	Loading extension 'screenshots@mozilla.org': Reading manifest: Invalid extension permission: mozillaAddons
1577389774162	addons.webextension.screenshots@mozilla.org	WARN	Loading extension 'screenshots@mozilla.org': Reading manifest: Invalid extension permission: telemetry
1577389774163	addons.webextension.screenshots@mozilla.org	WARN	Loading extension 'screenshots@mozilla.org': Reading manifest: Invalid extension permission: resource://pdf.js/
1577389774163	addons.webextension.screenshots@mozilla.org	WARN	Loading extension 'screenshots@mozilla.org': Reading manifest: Invalid extension permission: about:reader*
1577389775794	Marionette	INFO	Listening on port 36841
1577389775863	Marionette	WARN	TLS certificate errors will be ignored for this session
1577389776133	Marionette	INFO	Stopped listening on port 36841
1577389923211	mozrunner::runner	INFO	Running command: "/usr/bin/firefox" "-marionette" "-foreground" "-no-remote" "-profile" "/tmp/rust_mozprofilelOnU4H"
1577389923648	addons.webextension.screenshots@mozilla.org	WARN	Loading extension 'screenshots@mozilla.org': Reading manifest: Invalid extension permission: mozillaAddons
1577389923648	addons.webextension.screenshots@mozilla.org	WARN	Loading extension 'screenshots@mozilla.org': Reading manifest: Invalid extension permission: telemetry
1577389923648	addons.webextension.screenshots@mozilla.org	WARN	Loading extension 'screenshots@mozilla.org': Reading manifest: Invalid extension permission: resource://pdf.js/
1577389923648	addons.webextension.screenshots@mozilla.org	WARN	Loading extension 'screenshots@mozilla.org': Reading manifest: Invalid extension permission: about:reader*
1577389925119	Marionette	INFO	Listening on port 37193
1577389925223	Marionette	WARN	TLS certificate errors will be ignored for this session
1577389925394	Marionette	INFO	Stopped listening on port 37193
[Parent 15118, Gecko_IOThread] WARNING: pipe error (110): Connection reset by peer: file /build/firefox-AWfb_V/firefox-71.0+build5/ipc/chromium/src/chrome/common/ipc_channel_posix.cc, line 358
1577390660999	mozrunner::runner	INFO	Running command: "/usr/bin/firefox" "-marionette" "-foreground" "-no-remote" "-profile" "/tmp/rust_mozprofileEOCNgF"
1577390661430	addons.webextension.screenshots@mozilla.org	WARN	Loading extension 'screenshots@mozilla.org': Reading manifest: Invalid extension permission: mozillaAddons
1577390661430	addons.webextension.screenshots@mozilla.org	WARN	Loading extension 'screenshots@mozilla.org': Reading manifest: Invalid extension permission: telemetry
1577390661430	addons.webextension.screenshots@mozilla.org	WARN	Loading extension 'screenshots@mozilla.org': Reading manifest: Invalid extension permission: resource://pdf.js/
1577390661431	addons.webextension.screenshots@mozilla.org	WARN	Loading extension 'screenshots@mozilla.org': Reading manifest: Invalid extension permission: about:reader*
1577390663097	Marionette	INFO	Listening on port 42055
1577390663110	Marionette	WARN	TLS certificate errors will be ignored for this session
1577390663322	Marionette	INFO	Stopped listening on port 42055
1577390687254	mozrunner::runner	INFO	Running command: "/usr/bin/firefox" "-marionette" "-foreground" "-no-remote" "-profile" "/tmp/rust_mozprofileJBOJ6y"
1577390687670	addons.webextension.screenshots@mozilla.org	WARN	Loading extension 'screenshots@mozilla.org': Reading manifest: Invalid extension permission: mozillaAddons
1577390687670	addons.webextension.screenshots@mozilla.org	WARN	Loading extension 'screenshots@mozilla.org': Reading manifest: Invalid extension permission: telemetry
1577390687671	addons.webextension.screenshots@mozilla.org	WARN	Loading extension 'screenshots@mozilla.org': Reading manifest: Invalid extension permission: resource://pdf.js/
1577390687671	addons.webextension.screenshots@mozilla.org	WARN	Loading extension 'screenshots@mozilla.org': Reading manifest: Invalid extension permission: about:reader*
1577390689114	Marionette	INFO	Listening on port 37287
1577390689160	Marionette	WARN	TLS certificate errors will be ignored for this session
1577390689354	Marionette	INFO	Stopped listening on port 37287
1577860577311	mozrunner::runner	INFO	Running command: "/usr/bin/firefox" "-marionette" "-foreground" "-no-remote" "-profile" "/tmp/rust_mozprofileZvHda6"
1577860582089	addons.webextension.screenshots@mozilla.org	WARN	Loading extension 'screenshots@mozilla.org': Reading manifest: Invalid extension permission: mozillaAddons
1577860582090	addons.webextension.screenshots@mozilla.org	WARN	Loading extension 'screenshots@mozilla.org': Reading manifest: Invalid extension permission: telemetry
1577860582090	addons.webextension.screenshots@mozilla.org	WARN	Loading extension 'screenshots@mozilla.org': Reading manifest: Invalid extension permission: resource://pdf.js/
1577860582090	addons.webextension.screenshots@mozilla.org	WARN	Loading extension 'screenshots@mozilla.org': Reading manifest: Invalid extension permission: about:reader*
1577860591055	Marionette	INFO	Listening on port 42581
1577860591367	Marionette	WARN	TLS certificate errors will be ignored for this session
1577860600116	Marionette	INFO	Stopped listening on port 42581
1577860603394	mozrunner::runner	INFO	Running command: "/usr/bin/firefox" "-marionette" "-foreground" "-no-remote" "-profile" "/tmp/rust_mozprofileeJstDp"
1577860604205	addons.webextension.screenshots@mozilla.org	WARN	Loading extension 'screenshots@mozilla.org': Reading manifest: Invalid extension permission: mozillaAddons
1577860604205	addons.webextension.screenshots@mozilla.org	WARN	Loading extension 'screenshots@mozilla.org': Reading manifest: Invalid extension permission: telemetry
1577860604205	addons.webextension.screenshots@mozilla.org	WARN	Loading extension 'screenshots@mozilla.org': Reading manifest: Invalid extension permission: resource://pdf.js/
1577860604205	addons.webextension.screenshots@mozilla.org	WARN	Loading extension 'screenshots@mozilla.org': Reading manifest: Invalid extension permission: about:reader*
1577860607673	Marionette	INFO	Listening on port 34225
1577860607718	Marionette	WARN	TLS certificate errors will be ignored for this session
1577860617965	Marionette	INFO	Stopped listening on port 34225
1577860621419	mozrunner::runner	INFO	Running command: "/usr/bin/firefox" "-marionette" "-foreground" "-no-remote" "-profile" "/tmp/rust_mozprofile1X5vUl"
1577860622350	addons.webextension.screenshots@mozilla.org	WARN	Loading extension 'screenshots@mozilla.org': Reading manifest: Invalid extension permission: mozillaAddons
1577860622350	addons.webextension.screenshots@mozilla.org	WARN	Loading extension 'screenshots@mozilla.org': Reading manifest: Invalid extension permission: telemetry
1577860622351	addons.webextension.screenshots@mozilla.org	WARN	Loading extension 'screenshots@mozilla.org': Reading manifest: Invalid extension permission: resource://pdf.js/
1577860622351	addons.webextension.screenshots@mozilla.org	WARN	Loading extension 'screenshots@mozilla.org': Reading manifest: Invalid extension permission: about:reader*
1577860625584	Marionette	INFO	Listening on port 45593
1577860625630	Marionette	WARN	TLS certificate errors will be ignored for this session
JavaScript error: resource://services-settings/RemoteSettingsClient.jsm, line 149: Error: Unknown callback
JavaScript error: resource://gre/modules/UrlClassifierListManager.jsm, line 680: TypeError: this.tablesData[table] is undefined
1577860629932	Marionette	INFO	Stopped listening on port 45593
1577860769763	mozrunner::runner	INFO	Running command: "/usr/bin/firefox" "-marionette" "-foreground" "-no-remote" "-profile" "/tmp/rust_mozprofileRIJVVl"
1577860770577	addons.webextension.screenshots@mozilla.org	WARN	Loading extension 'screenshots@mozilla.org': Reading manifest: Invalid extension permission: mozillaAddons
1577860770577	addons.webextension.screenshots@mozilla.org	WARN	Loading extension 'screenshots@mozilla.org': Reading manifest: Invalid extension permission: telemetry
1577860770577	addons.webextension.screenshots@mozilla.org	WARN	Loading extension 'screenshots@mozilla.org': Reading manifest: Invalid extension permission: resource://pdf.js/
1577860770577	addons.webextension.screenshots@mozilla.org	WARN	Loading extension 'screenshots@mozilla.org': Reading manifest: Invalid extension permission: about:reader*
1577860773853	Marionette	INFO	Listening on port 37447
1577860773875	Marionette	WARN	TLS certificate errors will be ignored for this session
1577860784344	Marionette	INFO	Stopped listening on port 37447
1577860788099	mozrunner::runner	INFO	Running command: "/usr/bin/firefox" "-marionette" "-foreground" "-no-remote" "-profile" "/tmp/rust_mozprofile85vSR3"
1577860789048	addons.webextension.screenshots@mozilla.org	WARN	Loading extension 'screenshots@mozilla.org': Reading manifest: Invalid extension permission: mozillaAddons
1577860789048	addons.webextension.screenshots@mozilla.org	WARN	Loading extension 'screenshots@mozilla.org': Reading manifest: Invalid extension permission: telemetry
1577860789048	addons.webextension.screenshots@mozilla.org	WARN	Loading extension 'screenshots@mozilla.org': Reading manifest: Invalid extension permission: resource://pdf.js/
1577860789048	addons.webextension.screenshots@mozilla.org	WARN	Loading extension 'screenshots@mozilla.org': Reading manifest: Invalid extension permission: about:reader*
1577860792649	Marionette	INFO	Listening on port 34697
1577860792713	Marionette	WARN	TLS certificate errors will be ignored for this session
1577860803159	Marionette	INFO	Stopped listening on port 34697
1577860971106	mozrunner::runner	INFO	Running command: "/usr/bin/firefox" "-marionette" "-foreground" "-no-remote" "-profile" "/tmp/rust_mozprofileyHFMLS"
1577860971910	addons.webextension.screenshots@mozilla.org	WARN	Loading extension 'screenshots@mozilla.org': Reading manifest: Invalid extension permission: mozillaAddons
1577860971910	addons.webextension.screenshots@mozilla.org	WARN	Loading extension 'screenshots@mozilla.org': Reading manifest: Invalid extension permission: telemetry
1577860971910	addons.webextension.screenshots@mozilla.org	WARN	Loading extension 'screenshots@mozilla.org': Reading manifest: Invalid extension permission: resource://pdf.js/
1577860971910	addons.webextension.screenshots@mozilla.org	WARN	Loading extension 'screenshots@mozilla.org': Reading manifest: Invalid extension permission: about:reader*
1577860975171	Marionette	INFO	Listening on port 40951
1577860975217	Marionette	WARN	TLS certificate errors will be ignored for this session
1577860985674	Marionette	INFO	Stopped listening on port 40951
1577860989420	mozrunner::runner	INFO	Running command: "/usr/bin/firefox" "-marionette" "-foreground" "-no-remote" "-profile" "/tmp/rust_mozprofileYuQvQx"
1577860990328	addons.webextension.screenshots@mozilla.org	WARN	Loading extension 'screenshots@mozilla.org': Reading manifest: Invalid extension permission: mozillaAddons
1577860990328	addons.webextension.screenshots@mozilla.org	WARN	Loading extension 'screenshots@mozilla.org': Reading manifest: Invalid extension permission: telemetry
1577860990328	addons.webextension.screenshots@mozilla.org	WARN	Loading extension 'screenshots@mozilla.org': Reading manifest: Invalid extension permission: resource://pdf.js/
1577860990328	addons.webextension.screenshots@mozilla.org	WARN	Loading extension 'screenshots@mozilla.org': Reading manifest: Invalid extension permission: about:reader*
1577860993720	Marionette	INFO	Listening on port 46821
1577860993738	Marionette	WARN	TLS certificate errors will be ignored for this session
1577861004159	Marionette	INFO	Stopped listening on port 46821
1577861045767	mozrunner::runner	INFO	Running command: "/usr/bin/firefox" "-marionette" "-foreground" "-no-remote" "-profile" "/tmp/rust_mozprofile7hA2kS"
1577861046564	addons.webextension.screenshots@mozilla.org	WARN	Loading extension 'screenshots@mozilla.org': Reading manifest: Invalid extension permission: mozillaAddons
1577861046565	addons.webextension.screenshots@mozilla.org	WARN	Loading extension 'screenshots@mozilla.org': Reading manifest: Invalid extension permission: telemetry
1577861046565	addons.webextension.screenshots@mozilla.org	WARN	Loading extension 'screenshots@mozilla.org': Reading manifest: Invalid extension permission: resource://pdf.js/
1577861046565	addons.webextension.screenshots@mozilla.org	WARN	Loading extension 'screenshots@mozilla.org': Reading manifest: Invalid extension permission: about:reader*
1577861049638	Marionette	INFO	Listening on port 34805
1577861049678	Marionette	WARN	TLS certificate errors will be ignored for this session
1577861060108	Marionette	INFO	Stopped listening on port 34805
1577861063767	mozrunner::runner	INFO	Running command: "/usr/bin/firefox" "-marionette" "-foreground" "-no-remote" "-profile" "/tmp/rust_mozprofileYJAfoo"
1577861064804	addons.webextension.screenshots@mozilla.org	WARN	Loading extension 'screenshots@mozilla.org': Reading manifest: Invalid extension permission: mozillaAddons
1577861064805	addons.webextension.screenshots@mozilla.org	WARN	Loading extension 'screenshots@mozilla.org': Reading manifest: Invalid extension permission: telemetry
1577861064805	addons.webextension.screenshots@mozilla.org	WARN	Loading extension 'screenshots@mozilla.org': Reading manifest: Invalid extension permission: resource://pdf.js/
1577861064805	addons.webextension.screenshots@mozilla.org	WARN	Loading extension 'screenshots@mozilla.org': Reading manifest: Invalid extension permission: about:reader*
1577861068483	Marionette	INFO	Listening on port 41243
1577861068580	Marionette	WARN	TLS certificate errors will be ignored for this session
1577861079001	Marionette	INFO	Stopped listening on port 41243
1577861108437	mozrunner::runner	INFO	Running command: "/usr/bin/firefox" "-marionette" "-foreground" "-no-remote" "-profile" "/tmp/rust_mozprofileENfHnT"
1577861109258	addons.webextension.screenshots@mozilla.org	WARN	Loading extension 'screenshots@mozilla.org': Reading manifest: Invalid extension permission: mozillaAddons
1577861109258	addons.webextension.screenshots@mozilla.org	WARN	Loading extension 'screenshots@mozilla.org': Reading manifest: Invalid extension permission: telemetry
1577861109258	addons.webextension.screenshots@mozilla.org	WARN	Loading extension 'screenshots@mozilla.org': Reading manifest: Invalid extension permission: resource://pdf.js/
1577861109258	addons.webextension.screenshots@mozilla.org	WARN	Loading extension 'screenshots@mozilla.org': Reading manifest: Invalid extension permission: about:reader*
1577861112528	Marionette	INFO	Listening on port 40879
1577861112552	Marionette	WARN	TLS certificate errors will be ignored for this session
1577861122762	Marionette	INFO	Stopped listening on port 40879
1577861126318	mozrunner::runner	INFO	Running command: "/usr/bin/firefox" "-marionette" "-foreground" "-no-remote" "-profile" "/tmp/rust_mozprofileT7iBUM"
1577861127133	addons.webextension.screenshots@mozilla.org	WARN	Loading extension 'screenshots@mozilla.org': Reading manifest: Invalid extension permission: mozillaAddons
1577861127133	addons.webextension.screenshots@mozilla.org	WARN	Loading extension 'screenshots@mozilla.org': Reading manifest: Invalid extension permission: telemetry
1577861127134	addons.webextension.screenshots@mozilla.org	WARN	Loading extension 'screenshots@mozilla.org': Reading manifest: Invalid extension permission: resource://pdf.js/
1577861127134	addons.webextension.screenshots@mozilla.org	WARN	Loading extension 'screenshots@mozilla.org': Reading manifest: Invalid extension permission: about:reader*
1577861130417	Marionette	INFO	Listening on port 35109
1577861130428	Marionette	WARN	TLS certificate errors will be ignored for this session
1577861140873	Marionette	INFO	Stopped listening on port 35109
1577861161599	mozrunner::runner	INFO	Running command: "/usr/bin/firefox" "-marionette" "-foreground" "-no-remote" "-profile" "/tmp/rust_mozprofiledDwaMq"
1577861162391	addons.webextension.screenshots@mozilla.org	WARN	Loading extension 'screenshots@mozilla.org': Reading manifest: Invalid extension permission: mozillaAddons
1577861162392	addons.webextension.screenshots@mozilla.org	WARN	Loading extension 'screenshots@mozilla.org': Reading manifest: Invalid extension permission: telemetry
1577861162392	addons.webextension.screenshots@mozilla.org	WARN	Loading extension 'screenshots@mozilla.org': Reading manifest: Invalid extension permission: resource://pdf.js/
1577861162392	addons.webextension.screenshots@mozilla.org	WARN	Loading extension 'screenshots@mozilla.org': Reading manifest: Invalid extension permission: about:reader*
1577861165534	Marionette	INFO	Listening on port 43561
1577861165609	Marionette	WARN	TLS certificate errors will be ignored for this session
1577861175774	Marionette	INFO	Stopped listening on port 43561
1577861179435	mozrunner::runner	INFO	Running command: "/usr/bin/firefox" "-marionette" "-foreground" "-no-remote" "-profile" "/tmp/rust_mozprofilehFAOJJ"
1577861180267	addons.webextension.screenshots@mozilla.org	WARN	Loading extension 'screenshots@mozilla.org': Reading manifest: Invalid extension permission: mozillaAddons
1577861180267	addons.webextension.screenshots@mozilla.org	WARN	Loading extension 'screenshots@mozilla.org': Reading manifest: Invalid extension permission: telemetry
1577861180267	addons.webextension.screenshots@mozilla.org	WARN	Loading extension 'screenshots@mozilla.org': Reading manifest: Invalid extension permission: resource://pdf.js/
1577861180267	addons.webextension.screenshots@mozilla.org	WARN	Loading extension 'screenshots@mozilla.org': Reading manifest: Invalid extension permission: about:reader*
1577861183411	Marionette	INFO	Listening on port 42997
1577861183446	Marionette	WARN	TLS certificate errors will be ignored for this session
1577861193864	Marionette	INFO	Stopped listening on port 42997
1577861201245	mozrunner::runner	INFO	Running command: "/usr/bin/firefox" "-marionette" "-foreground" "-no-remote" "-profile" "/tmp/rust_mozprofileM4cDkS"
1577861202031	addons.webextension.screenshots@mozilla.org	WARN	Loading extension 'screenshots@mozilla.org': Reading manifest: Invalid extension permission: mozillaAddons
1577861202031	addons.webextension.screenshots@mozilla.org	WARN	Loading extension 'screenshots@mozilla.org': Reading manifest: Invalid extension permission: telemetry
1577861202031	addons.webextension.screenshots@mozilla.org	WARN	Loading extension 'screenshots@mozilla.org': Reading manifest: Invalid extension permission: resource://pdf.js/
1577861202031	addons.webextension.screenshots@mozilla.org	WARN	Loading extension 'screenshots@mozilla.org': Reading manifest: Invalid extension permission: about:reader*
1577861205603	Marionette	INFO	Listening on port 37711
1577861205656	Marionette	WARN	TLS certificate errors will be ignored for this session
1577861216065	Marionette	INFO	Stopped listening on port 37711
1577861219603	mozrunner::runner	INFO	Running command: "/usr/bin/firefox" "-marionette" "-foreground" "-no-remote" "-profile" "/tmp/rust_mozprofilec4i6sw"
1577861220408	addons.webextension.screenshots@mozilla.org	WARN	Loading extension 'screenshots@mozilla.org': Reading manifest: Invalid extension permission: mozillaAddons
1577861220409	addons.webextension.screenshots@mozilla.org	WARN	Loading extension 'screenshots@mozilla.org': Reading manifest: Invalid extension permission: telemetry
1577861220409	addons.webextension.screenshots@mozilla.org	WARN	Loading extension 'screenshots@mozilla.org': Reading manifest: Invalid extension permission: resource://pdf.js/
1577861220409	addons.webextension.screenshots@mozilla.org	WARN	Loading extension 'screenshots@mozilla.org': Reading manifest: Invalid extension permission: about:reader*
1577861223694	Marionette	INFO	Listening on port 40127
1577861223714	Marionette	WARN	TLS certificate errors will be ignored for this session
1577861234182	Marionette	INFO	Stopped listening on port 40127
1577861500683	mozrunner::runner	INFO	Running command: "/usr/bin/firefox" "-marionette" "-foreground" "-no-remote" "-profile" "/tmp/rust_mozprofileZqcKXe"
1577861501494	addons.webextension.screenshots@mozilla.org	WARN	Loading extension 'screenshots@mozilla.org': Reading manifest: Invalid extension permission: mozillaAddons
1577861501494	addons.webextension.screenshots@mozilla.org	WARN	Loading extension 'screenshots@mozilla.org': Reading manifest: Invalid extension permission: telemetry
1577861501495	addons.webextension.screenshots@mozilla.org	WARN	Loading extension 'screenshots@mozilla.org': Reading manifest: Invalid extension permission: resource://pdf.js/
1577861501495	addons.webextension.screenshots@mozilla.org	WARN	Loading extension 'screenshots@mozilla.org': Reading manifest: Invalid extension permission: about:reader*
1577861504716	Marionette	INFO	Listening on port 45491
1577861504796	Marionette	WARN	TLS certificate errors will be ignored for this session
1577861515258	Marionette	INFO	Stopped listening on port 45491
1577862070161	mozrunner::runner	INFO	Running command: "/usr/bin/firefox" "-marionette" "-foreground" "-no-remote" "-profile" "/tmp/rust_mozprofileKou7J7"
1577862071059	addons.webextension.screenshots@mozilla.org	WARN	Loading extension 'screenshots@mozilla.org': Reading manifest: Invalid extension permission: mozillaAddons
1577862071059	addons.webextension.screenshots@mozilla.org	WARN	Loading extension 'screenshots@mozilla.org': Reading manifest: Invalid extension permission: telemetry
1577862071059	addons.webextension.screenshots@mozilla.org	WARN	Loading extension 'screenshots@mozilla.org': Reading manifest: Invalid extension permission: resource://pdf.js/
1577862071059	addons.webextension.screenshots@mozilla.org	WARN	Loading extension 'screenshots@mozilla.org': Reading manifest: Invalid extension permission: about:reader*
1577862074697	Marionette	INFO	Listening on port 35355
1577862074775	Marionette	WARN	TLS certificate errors will be ignored for this session
1577862085207	Marionette	INFO	Stopped listening on port 35355
1577863295550	mozrunner::runner	INFO	Running command: "/usr/bin/firefox" "-marionette" "-foreground" "-no-remote" "-profile" "/tmp/rust_mozprofileHPRCmf"
1577863296435	addons.webextension.screenshots@mozilla.org	WARN	Loading extension 'screenshots@mozilla.org': Reading manifest: Invalid extension permission: mozillaAddons
1577863296435	addons.webextension.screenshots@mozilla.org	WARN	Loading extension 'screenshots@mozilla.org': Reading manifest: Invalid extension permission: telemetry
1577863296435	addons.webextension.screenshots@mozilla.org	WARN	Loading extension 'screenshots@mozilla.org': Reading manifest: Invalid extension permission: resource://pdf.js/
1577863296435	addons.webextension.screenshots@mozilla.org	WARN	Loading extension 'screenshots@mozilla.org': Reading manifest: Invalid extension permission: about:reader*
1577863299559	Marionette	INFO	Listening on port 34595
1577863299662	Marionette	WARN	TLS certificate errors will be ignored for this session
1577863300036	Marionette	INFO	Stopped listening on port 34595
JavaScript error: resource://activity-stream/lib/ActivityStreamPrefs.jsm, line 27: NS_ERROR_ILLEGAL_VALUE: Component returned failure code: 0x80070057 (NS_ERROR_ILLEGAL_VALUE) [nsIPrefBranch.removeObserver]
JavaScript error: resource://services-settings/RemoteSettingsClient.jsm, line 149: Error: Unknown callback

###!!! [Parent][DispatchAsyncMessage] Error: PBackgroundIDBFactory::Msg_PBackgroundIDBFactoryRequestConstructor Value error: message was deserialized, but contained an illegal value


###!!! [Parent][DispatchAsyncMessage] Error: PBackgroundIDBFactory::Msg_PBackgroundIDBFactoryRequestConstructor Value error: message was deserialized, but contained an illegal value

console.error: PushService: 
  clearOriginData: Error clearing origin data:
  UnknownError
console.error: PushService: 
  stateChangeProcessEnqueue: Error transitioning state
  UnknownError
JavaScript error: , line 0: UnknownError: The operation failed for reasons unrelated to the database itself and not covered by any other error code.
console.log: "RemoteSettingsWorker error: UnknownError: The operation failed for reasons unrelated to the database itself and not covered by any other error code."
JavaScript error: resource://services-common/kinto-offline-client.js, line 603: Error: IndexedDB getLastModified() The operation failed for reasons unrelated to the database itself and not covered by any other error code.
JavaScript error: resource://services-common/kinto-offline-client.js, line 603: Error: IndexedDB clear() The operation failed for reasons unrelated to the database itself and not covered by any other error code.
1577863309231	mozrunner::runner	INFO	Running command: "/usr/bin/firefox" "-marionette" "-foreground" "-no-remote" "-profile" "/tmp/rust_mozprofileWRhEWf"
1577863310049	addons.webextension.screenshots@mozilla.org	WARN	Loading extension 'screenshots@mozilla.org': Reading manifest: Invalid extension permission: mozillaAddons
1577863310049	addons.webextension.screenshots@mozilla.org	WARN	Loading extension 'screenshots@mozilla.org': Reading manifest: Invalid extension permission: telemetry
1577863310049	addons.webextension.screenshots@mozilla.org	WARN	Loading extension 'screenshots@mozilla.org': Reading manifest: Invalid extension permission: resource://pdf.js/
1577863310049	addons.webextension.screenshots@mozilla.org	WARN	Loading extension 'screenshots@mozilla.org': Reading manifest: Invalid extension permission: about:reader*
1577863313143	Marionette	INFO	Listening on port 34209
1577863313242	Marionette	WARN	TLS certificate errors will be ignored for this session
1577863313549	Marionette	INFO	Stopped listening on port 34209
JavaScript error: resource://activity-stream/lib/ActivityStreamPrefs.jsm, line 27: NS_ERROR_ILLEGAL_VALUE: Component returned failure code: 0x80070057 (NS_ERROR_ILLEGAL_VALUE) [nsIPrefBranch.removeObserver]
JavaScript error: resource://services-settings/RemoteSettingsClient.jsm, line 149: Error: Unknown callback
JavaScript error: resource://activity-stream/lib/PlacesFeed.jsm, line 200: NS_ERROR_UNEXPECTED: Component returned failure code: 0x8000ffff (NS_ERROR_UNEXPECTED) [nsINavHistoryService.addObserver]
JavaScript error: resource://gre/modules/ExtensionSettingsStore.jsm, line 117: Error: The ExtensionSettingsStore was accessed before the initialize promise resolved.
JavaScript error: resource://gre/modules/IndexedDB.jsm, line 370: UnknownError: The operation failed for reasons unrelated to the database itself and not covered by any other error code.
JavaScript error: resource://gre/modules/Sqlite.jsm, line 912: Error: Connection is not open.
console.error: PushService: 
console.log: "RemoteSettingsWorker error: UnknownError: The operation failed for reasons unrelated to the database itself and not covered by any other error code."
  clearOriginData: Error clearing origin data:
  UnknownError
console.error: PushService: 
  stateChangeProcessEnqueue: Error transitioning state
  UnknownError
JavaScript error: , line 0: UnknownError: The operation failed for reasons unrelated to the database itself and not covered by any other error code.
JavaScript error: resource://services-common/kinto-offline-client.js, line 603: Error: IndexedDB getLastModified() The operation failed for reasons unrelated to the database itself and not covered by any other error code.
JavaScript error: resource://services-common/kinto-offline-client.js, line 603: Error: IndexedDB clear() The operation failed for reasons unrelated to the database itself and not covered by any other error code.
1577863325674	mozrunner::runner	INFO	Running command: "/usr/bin/firefox" "-marionette" "-foreground" "-no-remote" "-profile" "/tmp/rust_mozprofilesj8Axx"
1577863326478	addons.webextension.screenshots@mozilla.org	WARN	Loading extension 'screenshots@mozilla.org': Reading manifest: Invalid extension permission: mozillaAddons
1577863326478	addons.webextension.screenshots@mozilla.org	WARN	Loading extension 'screenshots@mozilla.org': Reading manifest: Invalid extension permission: telemetry
1577863326479	addons.webextension.screenshots@mozilla.org	WARN	Loading extension 'screenshots@mozilla.org': Reading manifest: Invalid extension permission: resource://pdf.js/
1577863326479	addons.webextension.screenshots@mozilla.org	WARN	Loading extension 'screenshots@mozilla.org': Reading manifest: Invalid extension permission: about:reader*
1577863329809	Marionette	INFO	Listening on port 40269
1577863329886	Marionette	WARN	TLS certificate errors will be ignored for this session
1577863340309	Marionette	INFO	Stopped listening on port 40269
1577863530879	mozrunner::runner	INFO	Running command: "/usr/bin/firefox" "-marionette" "-foreground" "-no-remote" "-profile" "/tmp/rust_mozprofileL7yoQA"
1577863531766	addons.webextension.screenshots@mozilla.org	WARN	Loading extension 'screenshots@mozilla.org': Reading manifest: Invalid extension permission: mozillaAddons
1577863531766	addons.webextension.screenshots@mozilla.org	WARN	Loading extension 'screenshots@mozilla.org': Reading manifest: Invalid extension permission: telemetry
1577863531766	addons.webextension.screenshots@mozilla.org	WARN	Loading extension 'screenshots@mozilla.org': Reading manifest: Invalid extension permission: resource://pdf.js/
1577863531767	addons.webextension.screenshots@mozilla.org	WARN	Loading extension 'screenshots@mozilla.org': Reading manifest: Invalid extension permission: about:reader*
1577863535073	Marionette	INFO	Listening on port 38149
1577863535094	Marionette	WARN	TLS certificate errors will be ignored for this session
1577863545587	Marionette	INFO	Stopped listening on port 38149
1577867674445	mozrunner::runner	INFO	Running command: "/usr/bin/firefox" "-marionette" "-foreground" "-no-remote" "-profile" "/tmp/rust_mozprofileKmIPjH"
1577867679170	addons.webextension.screenshots@mozilla.org	WARN	Loading extension 'screenshots@mozilla.org': Reading manifest: Invalid extension permission: mozillaAddons
1577867679170	addons.webextension.screenshots@mozilla.org	WARN	Loading extension 'screenshots@mozilla.org': Reading manifest: Invalid extension permission: telemetry
1577867679170	addons.webextension.screenshots@mozilla.org	WARN	Loading extension 'screenshots@mozilla.org': Reading manifest: Invalid extension permission: resource://pdf.js/
1577867679171	addons.webextension.screenshots@mozilla.org	WARN	Loading extension 'screenshots@mozilla.org': Reading manifest: Invalid extension permission: about:reader*
1577867686755	Marionette	INFO	Listening on port 38321
1577867687065	Marionette	WARN	TLS certificate errors will be ignored for this session
1577867697866	Marionette	INFO	Stopped listening on port 38321
1577867700999	mozrunner::runner	INFO	Running command: "/usr/bin/firefox" "-marionette" "-foreground" "-no-remote" "-profile" "/tmp/rust_mozprofilebIsRN8"
1577867701641	addons.webextension.screenshots@mozilla.org	WARN	Loading extension 'screenshots@mozilla.org': Reading manifest: Invalid extension permission: mozillaAddons
1577867701641	addons.webextension.screenshots@mozilla.org	WARN	Loading extension 'screenshots@mozilla.org': Reading manifest: Invalid extension permission: telemetry
1577867701642	addons.webextension.screenshots@mozilla.org	WARN	Loading extension 'screenshots@mozilla.org': Reading manifest: Invalid extension permission: resource://pdf.js/
1577867701642	addons.webextension.screenshots@mozilla.org	WARN	Loading extension 'screenshots@mozilla.org': Reading manifest: Invalid extension permission: about:reader*
1577867704326	Marionette	INFO	Listening on port 44141
1577867704408	Marionette	WARN	TLS certificate errors will be ignored for this session
1577867714711	Marionette	INFO	Stopped listening on port 44141
1577867787122	mozrunner::runner	INFO	Running command: "/usr/bin/firefox" "-marionette" "-foreground" "-no-remote" "-profile" "/tmp/rust_mozprofile9gyUmj"
1577867787956	addons.webextension.screenshots@mozilla.org	WARN	Loading extension 'screenshots@mozilla.org': Reading manifest: Invalid extension permission: mozillaAddons
1577867787956	addons.webextension.screenshots@mozilla.org	WARN	Loading extension 'screenshots@mozilla.org': Reading manifest: Invalid extension permission: telemetry
1577867787956	addons.webextension.screenshots@mozilla.org	WARN	Loading extension 'screenshots@mozilla.org': Reading manifest: Invalid extension permission: resource://pdf.js/
1577867787956	addons.webextension.screenshots@mozilla.org	WARN	Loading extension 'screenshots@mozilla.org': Reading manifest: Invalid extension permission: about:reader*
1577867791260	Marionette	INFO	Listening on port 33213
1577867791335	Marionette	WARN	TLS certificate errors will be ignored for this session
1577867792720	Marionette	INFO	Stopped listening on port 33213
JavaScript error: resource://activity-stream/lib/ActivityStreamPrefs.jsm, line 27: NS_ERROR_ILLEGAL_VALUE: Component returned failure code: 0x80070057 (NS_ERROR_ILLEGAL_VALUE) [nsIPrefBranch.removeObserver]
JavaScript error: resource://services-settings/RemoteSettingsClient.jsm, line 149: Error: Unknown callback
JavaScript error: resource://gre/modules/ExtensionSettingsStore.jsm, line 117: Error: The ExtensionSettingsStore was accessed before the initialize promise resolved.
JavaScript error: resource://gre/modules/Sqlite.jsm, line 912: Error: Connection is not open.
console.error: PushService: 
console.log: "RemoteSettingsWorker error: UnknownError: The operation failed for reasons unrelated to the database itself and not covered by any other error code."
  clearOriginData: Error clearing origin data:
  UnknownError
console.error: PushService: 
  stateChangeProcessEnqueue: Error transitioning state
  UnknownError

###!!! [Parent][DispatchAsyncMessage] Error: PBackgroundIDBFactory::Msg_PBackgroundIDBFactoryRequestConstructor Value error: message was deserialized, but contained an illegal value

JavaScript error: , line 0: UnknownError: The operation failed for reasons unrelated to the database itself and not covered by any other error code.
JavaScript error: resource://services-common/kinto-offline-client.js, line 603: Error: IndexedDB getLastModified() The operation failed for reasons unrelated to the database itself and not covered by any other error code.
JavaScript error: resource://services-common/kinto-offline-client.js, line 603: Error: IndexedDB clear() The operation failed for reasons unrelated to the database itself and not covered by any other error code.
1577867795890	mozrunner::runner	INFO	Running command: "/usr/bin/firefox" "-marionette" "-foreground" "-no-remote" "-profile" "/tmp/rust_mozprofileZb1Q7h"
1577867796502	addons.webextension.screenshots@mozilla.org	WARN	Loading extension 'screenshots@mozilla.org': Reading manifest: Invalid extension permission: mozillaAddons
1577867796503	addons.webextension.screenshots@mozilla.org	WARN	Loading extension 'screenshots@mozilla.org': Reading manifest: Invalid extension permission: telemetry
1577867796503	addons.webextension.screenshots@mozilla.org	WARN	Loading extension 'screenshots@mozilla.org': Reading manifest: Invalid extension permission: resource://pdf.js/
1577867796503	addons.webextension.screenshots@mozilla.org	WARN	Loading extension 'screenshots@mozilla.org': Reading manifest: Invalid extension permission: about:reader*
1577867799194	Marionette	INFO	Listening on port 40329
1577867799202	Marionette	WARN	TLS certificate errors will be ignored for this session
1577867799871	Marionette	INFO	Stopped listening on port 40329
JavaScript error: resource://activity-stream/lib/ActivityStreamPrefs.jsm, line 27: NS_ERROR_ILLEGAL_VALUE: Component returned failure code: 0x80070057 (NS_ERROR_ILLEGAL_VALUE) [nsIPrefBranch.removeObserver]
JavaScript error: resource://services-settings/RemoteSettingsClient.jsm, line 149: Error: Unknown callback
console.log: "RemoteSettingsWorker error: UnknownError: The operation failed for reasons unrelated to the database itself and not covered by any other error code."

###!!! [Parent][DispatchAsyncMessage] Error: PBackgroundIDBFactory::Msg_PBackgroundIDBFactoryRequestConstructor Value error: message was deserialized, but contained an illegal value


###!!! [Parent][DispatchAsyncMessage] Error: PBackgroundIDBFactory::Msg_PBackgroundIDBFactoryRequestConstructor Value error: message was deserialized, but contained an illegal value

console.error: PushService: 
  clearOriginData: Error clearing origin data:
  UnknownError
console.error: PushService: 
  stateChangeProcessEnqueue: Error transitioning state
  UnknownError
JavaScript error: , line 0: UnknownError: The operation failed for reasons unrelated to the database itself and not covered by any other error code.
JavaScript error: resource://services-common/kinto-offline-client.js, line 603: Error: IndexedDB getLastModified() The operation failed for reasons unrelated to the database itself and not covered by any other error code.
JavaScript error: resource://services-common/kinto-offline-client.js, line 603: Error: IndexedDB clear() The operation failed for reasons unrelated to the database itself and not covered by any other error code.
1577870103719	mozrunner::runner	INFO	Running command: "/usr/bin/firefox" "-marionette" "-foreground" "-no-remote" "-profile" "/tmp/rust_mozprofileGslU67"
1577870104700	addons.webextension.screenshots@mozilla.org	WARN	Loading extension 'screenshots@mozilla.org': Reading manifest: Invalid extension permission: mozillaAddons
1577870104700	addons.webextension.screenshots@mozilla.org	WARN	Loading extension 'screenshots@mozilla.org': Reading manifest: Invalid extension permission: telemetry
1577870104700	addons.webextension.screenshots@mozilla.org	WARN	Loading extension 'screenshots@mozilla.org': Reading manifest: Invalid extension permission: resource://pdf.js/
1577870104700	addons.webextension.screenshots@mozilla.org	WARN	Loading extension 'screenshots@mozilla.org': Reading manifest: Invalid extension permission: about:reader*
1577870108128	Marionette	INFO	Listening on port 42927
1577870108134	Marionette	WARN	TLS certificate errors will be ignored for this session
1577870119511	Marionette	INFO	Stopped listening on port 42927
1577870123145	mozrunner::runner	INFO	Running command: "/usr/bin/firefox" "-marionette" "-foreground" "-no-remote" "-profile" "/tmp/rust_mozprofileohdoLZ"
1577870123974	addons.webextension.screenshots@mozilla.org	WARN	Loading extension 'screenshots@mozilla.org': Reading manifest: Invalid extension permission: mozillaAddons
1577870123974	addons.webextension.screenshots@mozilla.org	WARN	Loading extension 'screenshots@mozilla.org': Reading manifest: Invalid extension permission: telemetry
1577870123974	addons.webextension.screenshots@mozilla.org	WARN	Loading extension 'screenshots@mozilla.org': Reading manifest: Invalid extension permission: resource://pdf.js/
1577870123974	addons.webextension.screenshots@mozilla.org	WARN	Loading extension 'screenshots@mozilla.org': Reading manifest: Invalid extension permission: about:reader*
1577870127384	Marionette	INFO	Listening on port 34049
1577870127457	Marionette	WARN	TLS certificate errors will be ignored for this session
1577870128244	Marionette	INFO	Stopped listening on port 34049
JavaScript error: resource://activity-stream/lib/ActivityStreamPrefs.jsm, line 27: NS_ERROR_ILLEGAL_VALUE: Component returned failure code: 0x80070057 (NS_ERROR_ILLEGAL_VALUE) [nsIPrefBranch.removeObserver]
JavaScript error: resource://services-settings/RemoteSettingsClient.jsm, line 149: Error: Unknown callback
console.error: PushService: 
  clearOriginData: Error clearing origin data:
  UnknownError
console.error: PushService: 
  stateChangeProcessEnqueue: Error transitioning state
  UnknownError
console.log: "RemoteSettingsWorker error: UnknownError: The operation failed for reasons unrelated to the database itself and not covered by any other error code."

###!!! [Parent][DispatchAsyncMessage] Error: PBackgroundIDBFactory::Msg_PBackgroundIDBFactoryRequestConstructor Value error: message was deserialized, but contained an illegal value

JavaScript error: , line 0: UnknownError: The operation failed for reasons unrelated to the database itself and not covered by any other error code.
JavaScript error: resource://services-common/kinto-offline-client.js, line 603: Error: IndexedDB getLastModified() The operation failed for reasons unrelated to the database itself and not covered by any other error code.
JavaScript error: resource://services-common/kinto-offline-client.js, line 603: Error: IndexedDB clear() The operation failed for reasons unrelated to the database itself and not covered by any other error code.
1577870132651	mozrunner::runner	INFO	Running command: "/usr/bin/firefox" "-marionette" "-foreground" "-no-remote" "-profile" "/tmp/rust_mozprofileoak2m0"
1577870133518	addons.webextension.screenshots@mozilla.org	WARN	Loading extension 'screenshots@mozilla.org': Reading manifest: Invalid extension permission: mozillaAddons
1577870133518	addons.webextension.screenshots@mozilla.org	WARN	Loading extension 'screenshots@mozilla.org': Reading manifest: Invalid extension permission: telemetry
1577870133518	addons.webextension.screenshots@mozilla.org	WARN	Loading extension 'screenshots@mozilla.org': Reading manifest: Invalid extension permission: resource://pdf.js/
1577870133519	addons.webextension.screenshots@mozilla.org	WARN	Loading extension 'screenshots@mozilla.org': Reading manifest: Invalid extension permission: about:reader*
1577870137039	Marionette	INFO	Listening on port 45183
1577870137064	Marionette	WARN	TLS certificate errors will be ignored for this session
1577870137291	Marionette	INFO	Stopped listening on port 45183
JavaScript error: resource://activity-stream/lib/ActivityStreamPrefs.jsm, line 27: NS_ERROR_ILLEGAL_VALUE: Component returned failure code: 0x80070057 (NS_ERROR_ILLEGAL_VALUE) [nsIPrefBranch.removeObserver]
JavaScript error: resource://services-settings/RemoteSettingsClient.jsm, line 149: Error: Unknown callback
JavaScript error: resource://activity-stream/lib/PlacesFeed.jsm, line 200: NS_ERROR_UNEXPECTED: Component returned failure code: 0x8000ffff (NS_ERROR_UNEXPECTED) [nsINavHistoryService.addObserver]
JavaScript error: resource://gre/modules/ExtensionSettingsStore.jsm, line 117: Error: The ExtensionSettingsStore was accessed before the initialize promise resolved.
JavaScript error: resource://gre/modules/IndexedDB.jsm, line 370: UnknownError: The operation failed for reasons unrelated to the database itself and not covered by any other error code.
JavaScript error: resource://gre/modules/Sqlite.jsm, line 912: Error: Connection is not open.
console.error: PushService: 
console.log: "RemoteSettingsWorker error: UnknownError: The operation failed for reasons unrelated to the database itself and not covered by any other error code."
  clearOriginData: Error clearing origin data:
  UnknownError
console.error: PushService: 
  stateChangeProcessEnqueue: Error transitioning state
  UnknownError
JavaScript error: , line 0: UnknownError: The operation failed for reasons unrelated to the database itself and not covered by any other error code.
JavaScript error: resource://services-common/kinto-offline-client.js, line 603: Error: IndexedDB getLastModified() The operation failed for reasons unrelated to the database itself and not covered by any other error code.
JavaScript error: resource://services-common/kinto-offline-client.js, line 603: Error: IndexedDB clear() The operation failed for reasons unrelated to the database itself and not covered by any other error code.
1577870744221	mozrunner::runner	INFO	Running command: "/usr/bin/firefox" "-marionette" "-foreground" "-no-remote" "-profile" "/tmp/rust_mozprofileGGPdhe"
1577870745130	addons.webextension.screenshots@mozilla.org	WARN	Loading extension 'screenshots@mozilla.org': Reading manifest: Invalid extension permission: mozillaAddons
1577870745130	addons.webextension.screenshots@mozilla.org	WARN	Loading extension 'screenshots@mozilla.org': Reading manifest: Invalid extension permission: telemetry
1577870745130	addons.webextension.screenshots@mozilla.org	WARN	Loading extension 'screenshots@mozilla.org': Reading manifest: Invalid extension permission: resource://pdf.js/
1577870745130	addons.webextension.screenshots@mozilla.org	WARN	Loading extension 'screenshots@mozilla.org': Reading manifest: Invalid extension permission: about:reader*
1577870748593	Marionette	INFO	Listening on port 45811
1577870748638	Marionette	WARN	TLS certificate errors will be ignored for this session
1577870750163	Marionette	INFO	Stopped listening on port 45811
JavaScript error: resource://activity-stream/lib/ActivityStreamPrefs.jsm, line 27: NS_ERROR_ILLEGAL_VALUE: Component returned failure code: 0x80070057 (NS_ERROR_ILLEGAL_VALUE) [nsIPrefBranch.removeObserver]
JavaScript error: resource://services-settings/RemoteSettingsClient.jsm, line 149: Error: Unknown callback
console.log: "RemoteSettingsWorker error: UnknownError: The operation failed for reasons unrelated to the database itself and not covered by any other error code."
console.log: "RemoteSettingsWorker error: UnknownError: The operation failed for reasons unrelated to the database itself and not covered by any other error code."

###!!! [Parent][DispatchAsyncMessage] Error: PBackgroundIDBFactory::Msg_PBackgroundIDBFactoryRequestConstructor Value error: message was deserialized, but contained an illegal value

JavaScript error: , line 0: UnknownError: The operation failed for reasons unrelated to the database itself and not covered by any other error code.
JavaScript error: resource://services-common/kinto-offline-client.js, line 603: Error: IndexedDB getLastModified() The operation failed for reasons unrelated to the database itself and not covered by any other error code.
JavaScript error: resource://services-common/kinto-offline-client.js, line 603: Error: IndexedDB clear() The operation failed for reasons unrelated to the database itself and not covered by any other error code.
1577870753999	mozrunner::runner	INFO	Running command: "/usr/bin/firefox" "-marionette" "-foreground" "-no-remote" "-profile" "/tmp/rust_mozprofile74xESa"
1577870754849	addons.webextension.screenshots@mozilla.org	WARN	Loading extension 'screenshots@mozilla.org': Reading manifest: Invalid extension permission: mozillaAddons
1577870754850	addons.webextension.screenshots@mozilla.org	WARN	Loading extension 'screenshots@mozilla.org': Reading manifest: Invalid extension permission: telemetry
1577870754850	addons.webextension.screenshots@mozilla.org	WARN	Loading extension 'screenshots@mozilla.org': Reading manifest: Invalid extension permission: resource://pdf.js/
1577870754850	addons.webextension.screenshots@mozilla.org	WARN	Loading extension 'screenshots@mozilla.org': Reading manifest: Invalid extension permission: about:reader*
1577870758520	Marionette	INFO	Listening on port 44017
1577870758613	Marionette	WARN	TLS certificate errors will be ignored for this session
1577870759416	Marionette	INFO	Stopped listening on port 44017
JavaScript error: resource://activity-stream/lib/ActivityStreamPrefs.jsm, line 27: NS_ERROR_ILLEGAL_VALUE: Component returned failure code: 0x80070057 (NS_ERROR_ILLEGAL_VALUE) [nsIPrefBranch.removeObserver]
JavaScript error: resource://services-settings/RemoteSettingsClient.jsm, line 149: Error: Unknown callback
console.log: "RemoteSettingsWorker error: UnknownError: The operation failed for reasons unrelated to the database itself and not covered by any other error code."
console.log: "RemoteSettingsWorker error: UnknownError: The operation failed for reasons unrelated to the database itself and not covered by any other error code."

###!!! [Parent][DispatchAsyncMessage] Error: PBackgroundIDBFactory::Msg_PBackgroundIDBFactoryRequestConstructor Value error: message was deserialized, but contained an illegal value

JavaScript error: , line 0: UnknownError: The operation failed for reasons unrelated to the database itself and not covered by any other error code.
JavaScript error: resource://services-common/kinto-offline-client.js, line 603: Error: IndexedDB getLastModified() The operation failed for reasons unrelated to the database itself and not covered by any other error code.
JavaScript error: resource://services-common/kinto-offline-client.js, line 603: Error: IndexedDB clear() The operation failed for reasons unrelated to the database itself and not covered by any other error code.
1577870763712	mozrunner::runner	INFO	Running command: "/usr/bin/firefox" "-marionette" "-foreground" "-no-remote" "-profile" "/tmp/rust_mozprofile1gQWS4"
1577870764606	addons.webextension.screenshots@mozilla.org	WARN	Loading extension 'screenshots@mozilla.org': Reading manifest: Invalid extension permission: mozillaAddons
1577870764606	addons.webextension.screenshots@mozilla.org	WARN	Loading extension 'screenshots@mozilla.org': Reading manifest: Invalid extension permission: telemetry
1577870764607	addons.webextension.screenshots@mozilla.org	WARN	Loading extension 'screenshots@mozilla.org': Reading manifest: Invalid extension permission: resource://pdf.js/
1577870764607	addons.webextension.screenshots@mozilla.org	WARN	Loading extension 'screenshots@mozilla.org': Reading manifest: Invalid extension permission: about:reader*
1577870768063	Marionette	INFO	Listening on port 43561
1577870768123	Marionette	WARN	TLS certificate errors will be ignored for this session
1577870768322	Marionette	INFO	Stopped listening on port 43561
JavaScript error: resource://activity-stream/lib/ActivityStreamPrefs.jsm, line 27: NS_ERROR_ILLEGAL_VALUE: Component returned failure code: 0x80070057 (NS_ERROR_ILLEGAL_VALUE) [nsIPrefBranch.removeObserver]
JavaScript error: resource://services-settings/RemoteSettingsClient.jsm, line 149: Error: Unknown callback
JavaScript error: resource://activity-stream/lib/PlacesFeed.jsm, line 200: NS_ERROR_UNEXPECTED: Component returned failure code: 0x8000ffff (NS_ERROR_UNEXPECTED) [nsINavHistoryService.addObserver]
JavaScript error: resource://gre/modules/ExtensionSettingsStore.jsm, line 117: Error: The ExtensionSettingsStore was accessed before the initialize promise resolved.
JavaScript error: resource://gre/modules/IndexedDB.jsm, line 370: UnknownError: The operation failed for reasons unrelated to the database itself and not covered by any other error code.
JavaScript error: resource://gre/modules/Sqlite.jsm, line 912: Error: Connection is not open.
console.error: PushService: 
console.log: "RemoteSettingsWorker error: UnknownError: The operation failed for reasons unrelated to the database itself and not covered by any other error code."
  clearOriginData: Error clearing origin data:
  UnknownError
console.error: PushService: 
  stateChangeProcessEnqueue: Error transitioning state
  UnknownError
JavaScript error: , line 0: UnknownError: The operation failed for reasons unrelated to the database itself and not covered by any other error code.
JavaScript error: resource://services-common/kinto-offline-client.js, line 603: Error: IndexedDB getLastModified() The operation failed for reasons unrelated to the database itself and not covered by any other error code.
JavaScript error: resource://services-common/kinto-offline-client.js, line 603: Error: IndexedDB clear() The operation failed for reasons unrelated to the database itself and not covered by any other error code.
1577873231893	mozrunner::runner	INFO	Running command: "/usr/bin/firefox" "-marionette" "-foreground" "-no-remote" "-profile" "/tmp/rust_mozprofileJCacWk"
1577873232706	addons.webextension.screenshots@mozilla.org	WARN	Loading extension 'screenshots@mozilla.org': Reading manifest: Invalid extension permission: mozillaAddons
1577873232707	addons.webextension.screenshots@mozilla.org	WARN	Loading extension 'screenshots@mozilla.org': Reading manifest: Invalid extension permission: telemetry
1577873232707	addons.webextension.screenshots@mozilla.org	WARN	Loading extension 'screenshots@mozilla.org': Reading manifest: Invalid extension permission: resource://pdf.js/
1577873232707	addons.webextension.screenshots@mozilla.org	WARN	Loading extension 'screenshots@mozilla.org': Reading manifest: Invalid extension permission: about:reader*
1577873236204	Marionette	INFO	Listening on port 45247
1577873236307	Marionette	WARN	TLS certificate errors will be ignored for this session
1577873237782	Marionette	INFO	Stopped listening on port 45247
JavaScript error: resource://activity-stream/lib/ActivityStreamPrefs.jsm, line 27: NS_ERROR_ILLEGAL_VALUE: Component returned failure code: 0x80070057 (NS_ERROR_ILLEGAL_VALUE) [nsIPrefBranch.removeObserver]
JavaScript error: resource://services-settings/RemoteSettingsClient.jsm, line 149: Error: Unknown callback
JavaScript error: resource://gre/modules/IndexedDB.jsm, line 370: UnknownError: The operation failed for reasons unrelated to the database itself and not covered by any other error code.
1577873241741	mozrunner::runner	INFO	Running command: "/usr/bin/firefox" "-marionette" "-foreground" "-no-remote" "-profile" "/tmp/rust_mozprofile0LedLc"
1577873242604	addons.webextension.screenshots@mozilla.org	WARN	Loading extension 'screenshots@mozilla.org': Reading manifest: Invalid extension permission: mozillaAddons
1577873242604	addons.webextension.screenshots@mozilla.org	WARN	Loading extension 'screenshots@mozilla.org': Reading manifest: Invalid extension permission: telemetry
1577873242604	addons.webextension.screenshots@mozilla.org	WARN	Loading extension 'screenshots@mozilla.org': Reading manifest: Invalid extension permission: resource://pdf.js/
1577873242604	addons.webextension.screenshots@mozilla.org	WARN	Loading extension 'screenshots@mozilla.org': Reading manifest: Invalid extension permission: about:reader*
1577873246116	Marionette	INFO	Listening on port 38707
1577873246152	Marionette	WARN	TLS certificate errors will be ignored for this session
1577873246937	Marionette	INFO	Stopped listening on port 38707
JavaScript error: resource://activity-stream/lib/ActivityStreamPrefs.jsm, line 27: NS_ERROR_ILLEGAL_VALUE: Component returned failure code: 0x80070057 (NS_ERROR_ILLEGAL_VALUE) [nsIPrefBranch.removeObserver]
JavaScript error: resource://services-settings/RemoteSettingsClient.jsm, line 149: Error: Unknown callback
JavaScript error: resource://gre/modules/ExtensionSettingsStore.jsm, line 117: Error: The ExtensionSettingsStore was accessed before the initialize promise resolved.
JavaScript error: resource://gre/modules/Sqlite.jsm, line 912: Error: Connection is not open.
JavaScript error: , line 0: AbortError: A request was aborted, for example through a call to IDBTransaction.abort.
JavaScript error: , line 0: AbortError: A request was aborted, for example through a call to IDBTransaction.abort.
console.error: PushService: 
console.log: "RemoteSettingsWorker error: UnknownError: The operation failed for reasons unrelated to the database itself and not covered by any other error code."
console.log: "RemoteSettingsWorker error: UnknownError: The operation failed for reasons unrelated to the database itself and not covered by any other error code."
  clearOriginData: Error clearing origin data:
  UnknownError
console.error: PushService: 
  stateChangeProcessEnqueue: Error transitioning state
  UnknownError
JavaScript error: , line 0: UnknownError: The operation failed for reasons unrelated to the database itself and not covered by any other error code.
JavaScript error: resource://services-common/kinto-offline-client.js, line 603: Error: IndexedDB getLastModified() The operation failed for reasons unrelated to the database itself and not covered by any other error code.
JavaScript error: resource://services-common/kinto-offline-client.js, line 603: Error: IndexedDB clear() The operation failed for reasons unrelated to the database itself and not covered by any other error code.
1577873250456	mozrunner::runner	INFO	Running command: "/usr/bin/firefox" "-marionette" "-foreground" "-no-remote" "-profile" "/tmp/rust_mozprofileK2MoYu"
1577873251368	addons.webextension.screenshots@mozilla.org	WARN	Loading extension 'screenshots@mozilla.org': Reading manifest: Invalid extension permission: mozillaAddons
1577873251368	addons.webextension.screenshots@mozilla.org	WARN	Loading extension 'screenshots@mozilla.org': Reading manifest: Invalid extension permission: telemetry
1577873251369	addons.webextension.screenshots@mozilla.org	WARN	Loading extension 'screenshots@mozilla.org': Reading manifest: Invalid extension permission: resource://pdf.js/
1577873251369	addons.webextension.screenshots@mozilla.org	WARN	Loading extension 'screenshots@mozilla.org': Reading manifest: Invalid extension permission: about:reader*
1577873254529	Marionette	INFO	Listening on port 32947
1577873254570	Marionette	WARN	TLS certificate errors will be ignored for this session
1577873254792	Marionette	INFO	Stopped listening on port 32947
JavaScript error: resource://activity-stream/lib/ActivityStreamPrefs.jsm, line 27: NS_ERROR_ILLEGAL_VALUE: Component returned failure code: 0x80070057 (NS_ERROR_ILLEGAL_VALUE) [nsIPrefBranch.removeObserver]
JavaScript error: resource://services-settings/RemoteSettingsClient.jsm, line 149: Error: Unknown callback

###!!! [Parent][DispatchAsyncMessage] Error: PBackgroundIDBFactory::Msg_PBackgroundIDBFactoryRequestConstructor Value error: message was deserialized, but contained an illegal value


###!!! [Parent][DispatchAsyncMessage] Error: PBackgroundIDBFactory::Msg_PBackgroundIDBFactoryRequestConstructor Value error: message was deserialized, but contained an illegal value

JavaScript error: resource://services-common/kinto-offline-client.js, line 603: Error: IndexedDB getLastModified() The operation failed for reasons unrelated to the database itself and not covered by any other error code.
console.log: "RemoteSettingsWorker error: UnknownError: The operation failed for reasons unrelated to the database itself and not covered by any other error code."
JavaScript error: resource://services-common/kinto-offline-client.js, line 603: Error: IndexedDB clear() The operation failed for reasons unrelated to the database itself and not covered by any other error code.
console.error: PushService: 
  clearOriginData: Error clearing origin data:
  UnknownError
console.error: PushService: 
  stateChangeProcessEnqueue: Error transitioning state
  UnknownError
JavaScript error: , line 0: UnknownError: The operation failed for reasons unrelated to the database itself and not covered by any other error code.
1577873869569	mozrunner::runner	INFO	Running command: "/usr/bin/firefox" "-marionette" "-foreground" "-no-remote" "-profile" "/tmp/rust_mozprofiled6apA6"
1577873870689	addons.webextension.screenshots@mozilla.org	WARN	Loading extension 'screenshots@mozilla.org': Reading manifest: Invalid extension permission: mozillaAddons
1577873870690	addons.webextension.screenshots@mozilla.org	WARN	Loading extension 'screenshots@mozilla.org': Reading manifest: Invalid extension permission: telemetry
1577873870690	addons.webextension.screenshots@mozilla.org	WARN	Loading extension 'screenshots@mozilla.org': Reading manifest: Invalid extension permission: resource://pdf.js/
1577873870690	addons.webextension.screenshots@mozilla.org	WARN	Loading extension 'screenshots@mozilla.org': Reading manifest: Invalid extension permission: about:reader*
1577873874138	Marionette	INFO	Listening on port 41345
1577873874182	Marionette	WARN	TLS certificate errors will be ignored for this session
1577873874358	Marionette	INFO	Stopped listening on port 41345
JavaScript error: resource://activity-stream/lib/ActivityStreamPrefs.jsm, line 27: NS_ERROR_ILLEGAL_VALUE: Component returned failure code: 0x80070057 (NS_ERROR_ILLEGAL_VALUE) [nsIPrefBranch.removeObserver]
JavaScript error: resource://services-settings/RemoteSettingsClient.jsm, line 149: Error: Unknown callback
JavaScript error: resource://gre/modules/NewTabUtils.jsm, line 669: NS_ERROR_UNEXPECTED: Component returned failure code: 0x8000ffff (NS_ERROR_UNEXPECTED) [nsINavHistoryService.asyncExecuteLegacyQuery]
console.log: "RemoteSettingsWorker error: UnknownError: The operation failed for reasons unrelated to the database itself and not covered by any other error code."

###!!! [Parent][DispatchAsyncMessage] Error: PBackgroundIDBFactory::Msg_PBackgroundIDBFactoryRequestConstructor Value error: message was deserialized, but contained an illegal value


###!!! [Parent][DispatchAsyncMessage] Error: PBackgroundIDBFactory::Msg_PBackgroundIDBFactoryRequestConstructor Value error: message was deserialized, but contained an illegal value

console.error: PushService: 
  clearOriginData: Error clearing origin data:
  UnknownError
console.error: PushService: 
  stateChangeProcessEnqueue: Error transitioning state
  UnknownError
JavaScript error: , line 0: UnknownError: The operation failed for reasons unrelated to the database itself and not covered by any other error code.
JavaScript error: resource://services-common/kinto-offline-client.js, line 603: Error: IndexedDB getLastModified() The operation failed for reasons unrelated to the database itself and not covered by any other error code.
JavaScript error: resource://services-common/kinto-offline-client.js, line 603: Error: IndexedDB clear() The operation failed for reasons unrelated to the database itself and not covered by any other error code.
1577873877586	mozrunner::runner	INFO	Running command: "/usr/bin/firefox" "-marionette" "-foreground" "-no-remote" "-profile" "/tmp/rust_mozprofile9ZsYPB"
1577873878471	addons.webextension.screenshots@mozilla.org	WARN	Loading extension 'screenshots@mozilla.org': Reading manifest: Invalid extension permission: mozillaAddons
1577873878471	addons.webextension.screenshots@mozilla.org	WARN	Loading extension 'screenshots@mozilla.org': Reading manifest: Invalid extension permission: telemetry
1577873878471	addons.webextension.screenshots@mozilla.org	WARN	Loading extension 'screenshots@mozilla.org': Reading manifest: Invalid extension permission: resource://pdf.js/
1577873878472	addons.webextension.screenshots@mozilla.org	WARN	Loading extension 'screenshots@mozilla.org': Reading manifest: Invalid extension permission: about:reader*
1577873881764	Marionette	INFO	Listening on port 37527
1577873881802	Marionette	WARN	TLS certificate errors will be ignored for this session
1577873882575	Marionette	INFO	Stopped listening on port 37527
JavaScript error: resource://activity-stream/lib/ActivityStreamPrefs.jsm, line 27: NS_ERROR_ILLEGAL_VALUE: Component returned failure code: 0x80070057 (NS_ERROR_ILLEGAL_VALUE) [nsIPrefBranch.removeObserver]
JavaScript error: resource://services-settings/RemoteSettingsClient.jsm, line 149: Error: Unknown callback
JavaScript error: resource://gre/modules/ExtensionSettingsStore.jsm, line 117: Error: The ExtensionSettingsStore was accessed before the initialize promise resolved.
JavaScript error: resource://gre/modules/Sqlite.jsm, line 912: Error: Connection is not open.
JavaScript error: , line 0: AbortError: A request was aborted, for example through a call to IDBTransaction.abort.
JavaScript error: , line 0: AbortError: A request was aborted, for example through a call to IDBTransaction.abort.
console.error: PushService: 
console.log: "RemoteSettingsWorker error: UnknownError: The operation failed for reasons unrelated to the database itself and not covered by any other error code."
  clearOriginData: Error clearing origin data:
  UnknownError
console.error: PushService: 
  stateChangeProcessEnqueue: Error transitioning state
  UnknownError
JavaScript error: , line 0: UnknownError: The operation failed for reasons unrelated to the database itself and not covered by any other error code.
JavaScript error: resource://services-common/kinto-offline-client.js, line 603: Error: IndexedDB getLastModified() The operation failed for reasons unrelated to the database itself and not covered by any other error code.
JavaScript error: resource://services-common/kinto-offline-client.js, line 603: Error: IndexedDB clear() The operation failed for reasons unrelated to the database itself and not covered by any other error code.
1577873886178	mozrunner::runner	INFO	Running command: "/usr/bin/firefox" "-marionette" "-foreground" "-no-remote" "-profile" "/tmp/rust_mozprofile1u7cdJ"
1577873887030	addons.webextension.screenshots@mozilla.org	WARN	Loading extension 'screenshots@mozilla.org': Reading manifest: Invalid extension permission: mozillaAddons
1577873887031	addons.webextension.screenshots@mozilla.org	WARN	Loading extension 'screenshots@mozilla.org': Reading manifest: Invalid extension permission: telemetry
1577873887031	addons.webextension.screenshots@mozilla.org	WARN	Loading extension 'screenshots@mozilla.org': Reading manifest: Invalid extension permission: resource://pdf.js/
1577873887031	addons.webextension.screenshots@mozilla.org	WARN	Loading extension 'screenshots@mozilla.org': Reading manifest: Invalid extension permission: about:reader*
1577873890448	Marionette	INFO	Listening on port 34563
1577873890489	Marionette	WARN	TLS certificate errors will be ignored for this session
1577873900906	Marionette	INFO	Stopped listening on port 34563
